0 info it worked if it ends with ok
1 verbose cli [ 'node', '/usr/local/bin/npm', 'run', 'babel-node', 'app.js' ]
2 info using npm@2.1.8
3 info using node@v0.10.23
4 verbose run-script [ 'prebabel-node', 'babel-node', 'postbabel-node' ]
5 info prebabel-node tictactoe@1.0.0
6 info babel-node tictactoe@1.0.0
7 verbose unsafe-perm in lifecycle true
8 info tictactoe@1.0.0 Failed to exec babel-node script
9 verbose stack Error: tictactoe@1.0.0 babel-node: `babel-node app.js`
9 verbose stack Exit status 8
9 verbose stack     at EventEmitter.<anonymous> (/usr/local/lib/node_modules/npm/lib/utils/lifecycle.js:212:16)
9 verbose stack     at EventEmitter.emit (events.js:98:17)
9 verbose stack     at ChildProcess.<anonymous> (/usr/local/lib/node_modules/npm/lib/utils/spawn.js:14:12)
9 verbose stack     at ChildProcess.EventEmitter.emit (events.js:98:17)
9 verbose stack     at maybeClose (child_process.js:735:16)
9 verbose stack     at Process.ChildProcess._handle.onexit (child_process.js:802:5)
10 verbose pkgid tictactoe@1.0.0
11 verbose cwd /Applications/MAMP/htdocs/tictactoe
12 error Darwin 13.4.0
13 error argv "node" "/usr/local/bin/npm" "run" "babel-node" "app.js"
14 error node v0.10.23
15 error npm  v2.1.8
16 error code ELIFECYCLE
17 error tictactoe@1.0.0 babel-node: `babel-node app.js`
17 error Exit status 8
18 error Failed at the tictactoe@1.0.0 babel-node script 'babel-node app.js'.
18 error This is most likely a problem with the tictactoe package,
18 error not with npm itself.
18 error Tell the author that this fails on your system:
18 error     babel-node app.js
18 error You can get their info via:
18 error     npm owner ls tictactoe
18 error There is likely additional logging output above.
19 verbose exit [ 1, true ]
